<?xml version="1.0" encoding="UTF-8"?>
<!-- Generated by org.testng.reporters.JUnitXMLReporter -->
<testsuite hostname="DESKTOP-IDH24Q1" ignored="1" name="TestAfterMethod" tests="2" failures="0" timestamp="09 Jan 2019 17:46:29 GMT" time="0.061" errors="0">
  <testcase name="login" time="0.005" classname="com.TestNGAnnotations.Beforemethod_Test_AfterMethod$Annotation2"/>
  <testcase name="Composemail" time="0.002" classname="com.TestNGAnnotations.Beforemethod_Test_AfterMethod$Annotation2"/>
  <testcase name="spam" time="0.0" classname="com.TestNGAnnotations.Beforemethod_Test_AfterMethod$Annotation2">
    <ignored/>
  </testcase> <!-- spam -->
</testsuite> <!-- TestAfterMethod -->
