<?xml version="1.0" encoding="UTF-8"?>
<!-- Generated by org.testng.reporters.JUnitXMLReporter -->
<testsuite hostname="DESKTOP-IDH24Q1" ignored="1" name="TestAnnotation" tests="3" failures="0" timestamp="09 Jan 2019 17:46:29 GMT" time="0.075" errors="0">
  <testcase name="login" time="0.009" classname="com.TestNGAnnotations.TestAnnotation$Annotations1"/>
  <testcase name="Composemail" time="0.004" classname="com.TestNGAnnotations.TestAnnotation$Annotations1"/>
  <testcase name="drafts" time="0.004" classname="com.TestNGAnnotations.TestAnnotation$Annotations1"/>
  <testcase name="inbox" time="0.0" classname="com.TestNGAnnotations.TestAnnotation$Annotations1">
    <ignored/>
  </testcase> <!-- inbox -->
</testsuite> <!-- TestAnnotation -->
