<?xml version="1.0" encoding="UTF-8"?>
<!-- Generated by org.testng.reporters.JUnitXMLReporter -->
<testsuite hostname="DESKTOP-IDH24Q1" ignored="0" name="Default test" tests="2" failures="0" timestamp="09 Jan 2019 17:30:26 GMT" time="27.502" errors="0">
  <testcase name="Login" time="5.11" classname="com.NewtoursDemoaut_Application.TestNG_Login_FlightConfirmation"/>
  <testcase name="BookingTicket" time="10.168" classname="com.NewtoursDemoaut_Application.TestNG_Login_FlightConfirmation"/>
</testsuite> <!-- Default test -->
